BarfingCatController/Library/Bee/Android/Prj/Mono2x/Gradle/unityLibrary/build/intermediates/manifest_merge_blame_file/release/manifest-merger-blame-release-report.txt
1<?xml version="1.0" encoding="utf-8"?>
2<manifest xmlns:android="http://schemas.android.com/apk/res/android"
3    xmlns:tools="http://schemas.android.com/tools"
4    package="com.unity3d.player"
5    android:installLocation="preferExternal"
6    android:versionCode="1"
7    android:versionName="1.0" >
8
9    <uses-sdk
10        android:minSdkVersion="22"
10-->src\main\AndroidManifest.xml
11        android:targetSdkVersion="30" />
11-->src\main\AndroidManifest.xml
12
13    <uses-permission android:name="android.permission.BLUETOOTH" />
13-->src\main\AndroidManifest.xml:3:3-66
13-->src\main\AndroidManifest.xml:3:20-63
14    <uses-permission android:name="android.permission.BLUETOOTH_ADMIN" />
14-->src\main\AndroidManifest.xml:4:3-72
14-->src\main\AndroidManifest.xml:4:20-69
15    <uses-permission android:name="android.permission.BLUETOOTH_PRIVILEGED" />
15-->src\main\AndroidManifest.xml:5:3-77
15-->src\main\AndroidManifest.xml:5:20-74
16
17    <supports-screens
17-->src\main\AndroidManifest.xml:6:3-163
18        android:anyDensity="true"
18-->src\main\AndroidManifest.xml:6:135-160
19        android:largeScreens="true"
19-->src\main\AndroidManifest.xml:6:78-105
20        android:normalScreens="true"
20-->src\main\AndroidManifest.xml:6:49-77
21        android:smallScreens="true"
21-->src\main\AndroidManifest.xml:6:21-48
22        android:xlargeScreens="true" />
22-->src\main\AndroidManifest.xml:6:106-134
23
24    <uses-feature android:glEsVersion="0x00030000" />
24-->src\main\AndroidManifest.xml:22:3-52
24-->src\main\AndroidManifest.xml:22:17-49
25    <uses-feature
25-->src\main\AndroidManifest.xml:23:3-91
26        android:name="android.hardware.vulkan.version"
26-->src\main\AndroidManifest.xml:23:17-63
27        android:required="false" />
27-->src\main\AndroidManifest.xml:23:64-88
28    <uses-feature
28-->src\main\AndroidManifest.xml:24:3-88
29        android:name="android.hardware.touchscreen"
29-->src\main\AndroidManifest.xml:24:17-60
30        android:required="false" />
30-->src\main\AndroidManifest.xml:24:61-85
31    <uses-feature
31-->src\main\AndroidManifest.xml:25:3-99
32        android:name="android.hardware.touchscreen.multitouch"
32-->src\main\AndroidManifest.xml:25:17-71
33        android:required="false" />
33-->src\main\AndroidManifest.xml:25:72-96
34    <uses-feature
34-->src\main\AndroidManifest.xml:26:3-108
35        android:name="android.hardware.touchscreen.multitouch.distinct"
35-->src\main\AndroidManifest.xml:26:17-80
36        android:required="false" />
36-->src\main\AndroidManifest.xml:26:81-105
37
38    <application
38-->src\main\AndroidManifest.xml:7:3-21:17
39        android:extractNativeLibs="true"
39-->src\main\AndroidManifest.xml:7:123-155
40        android:icon="@mipmap/app_icon"
40-->src\main\AndroidManifest.xml:7:58-89
41        android:label="@string/app_name"
41-->src\main\AndroidManifest.xml:7:90-122
42        android:theme="@style/UnityThemeSelector" >
42-->src\main\AndroidManifest.xml:7:16-57
43        <activity
43-->src\main\AndroidManifest.xml:8:5-15:16
44            android:name="com.unity3d.player.UnityPlayerActivity"
44-->src\main\AndroidManifest.xml:8:15-68
45            android:configChanges="mcc|mnc|locale|touchscreen|keyboard|keyboardHidden|navigation|orientation|screenLayout|uiMode|screenSize|smallestScreenSize|fontScale|layoutDirection|density"
45-->src\main\AndroidManifest.xml:8:178-359
46            android:hardwareAccelerated="false"
46-->src\main\AndroidManifest.xml:8:395-430
47            android:label="@string/app_name"
47-->src\main\AndroidManifest.xml:8:69-101
48            android:launchMode="singleTask"
48-->src\main\AndroidManifest.xml:8:146-177
49            android:resizeableActivity="false"
49-->src\main\AndroidManifest.xml:8:360-394
50            android:screenOrientation="sensorLandscape" >
50-->src\main\AndroidManifest.xml:8:102-145
51            <intent-filter>
51-->src\main\AndroidManifest.xml:9:7-12:23
52                <action android:name="android.intent.action.MAIN" />
52-->src\main\AndroidManifest.xml:10:9-61
52-->src\main\AndroidManifest.xml:10:17-58
53
54                <category android:name="android.intent.category.LAUNCHER" />
54-->src\main\AndroidManifest.xml:11:9-69
54-->src\main\AndroidManifest.xml:11:19-66
55            </intent-filter>
56
57            <meta-data
57-->src\main\AndroidManifest.xml:13:7-82
58                android:name="unityplayer.UnityActivity"
58-->src\main\AndroidManifest.xml:13:18-58
59                android:value="true" />
59-->src\main\AndroidManifest.xml:13:59-79
60            <meta-data
60-->src\main\AndroidManifest.xml:14:7-78
61                android:name="android.notch_support"
61-->src\main\AndroidManifest.xml:14:18-54
62                android:value="true" />
62-->src\main\AndroidManifest.xml:14:55-75
63        </activity>
64
65        <meta-data
65-->src\main\AndroidManifest.xml:16:5-69
66            android:name="unity.splash-mode"
66-->src\main\AndroidManifest.xml:16:16-48
67            android:value="0" />
67-->src\main\AndroidManifest.xml:16:49-66
68        <meta-data
68-->src\main\AndroidManifest.xml:17:5-74
69            android:name="unity.splash-enable"
69-->src\main\AndroidManifest.xml:17:16-50
70            android:value="True" />
70-->src\main\AndroidManifest.xml:17:51-71
71        <meta-data
71-->src\main\AndroidManifest.xml:18:5-78
72            android:name="unity.launch-fullscreen"
72-->src\main\AndroidManifest.xml:18:16-54
73            android:value="True" />
73-->src\main\AndroidManifest.xml:18:55-75
74        <meta-data
74-->src\main\AndroidManifest.xml:19:5-84
75            android:name="unity.allow-resizable-window"
75-->src\main\AndroidManifest.xml:19:16-59
76            android:value="False" />
76-->src\main\AndroidManifest.xml:19:60-81
77        <meta-data
77-->src\main\AndroidManifest.xml:20:5-81
78            android:name="notch.config"
78-->src\main\AndroidManifest.xml:20:16-43
79            android:value="portrait|landscape" />
79-->src\main\AndroidManifest.xml:20:44-78
80    </application>
81
82</manifest>